============================= test session starts =============================
platform win32 -- Python 3.14.7, pytest-9.1.1, pluggy-1.6.0 -- C:\Users\msten\AppData\Local\Programs\Python\Python314\python.exe
rootdir: C:\Users\msten\Downloads\TestTask
configfile: pytest.ini
plugins: base-url-2.1.0, playwright-0.9.0
collecting ... collected 115 items

tests/test_chart.py::test_empty_chart_shows_hint[chromium] PASSED        [  0%]
tests/test_chart.py::test_single_category_is_100_percent[chromium] PASSED [  1%]
tests/test_chart.py::test_legend_shows_name_amount_and_share[chromium] PASSED [  2%]
tests/test_chart.py::test_income_tab_switches_dataset[chromium] PASSED   [  3%]
tests/test_chart.py::test_expense_tab_empty_when_only_income[chromium] PASSED [  4%]
tests/test_chart.py::test_chart_returns_to_empty_after_deleting_last_row[chromium] PASSED [  5%]
tests/test_chart.py::test_center_label_fits_the_ring[chromium] PASSED    [  6%]
tests/test_chart.py::test_table_empty_hint_after_deleting_everything[chromium] PASSED [  6%]
tests/test_csv_export.py::test_download_has_expected_name[chromium] PASSED [  7%]
tests/test_csv_export.py::test_header_row[chromium] PASSED               [  8%]
tests/test_csv_export.py::test_utf8_bom_and_cyrillic[chromium] PASSED    [  9%]
tests/test_csv_export.py::test_comma_inside_value_is_quoted[chromium] PASSED [ 10%]
tests/test_csv_export.py::test_quotes_are_doubled[chromium] PASSED       [ 11%]
tests/test_csv_export.py::test_amount_has_two_decimals[chromium] PASSED  [ 12%]
tests/test_csv_export.py::test_income_and_expense_types[chromium] PASSED [ 13%]
tests/test_csv_import.py::test_valid_csv_is_loaded[chromium] PASSED      [ 13%]
tests/test_csv_import.py::test_totals_match_loaded_rows[chromium] PASSED [ 14%]
tests/test_csv_import.py::test_crlf_line_endings_are_supported[chromium] PASSED [ 15%]
tests/test_csv_import.py::test_quoted_values_survive_import[chromium] PASSED [ 16%]
tests/test_csv_import.py::test_reimport_replaces_and_does_not_duplicate[chromium] PASSED [ 17%]
tests/test_csv_import.py::test_extra_column_is_ignored[chromium] PASSED  [ 18%]
tests/test_csv_import.py::test_import_updates_chart[chromium] PASSED     [ 19%]
tests/test_csv_import.py::test_manual_row_then_import_replaces_it[chromium] PASSED [ 20%]
tests/test_defects.py::test_bug003_delete_asks_confirmation[chromium] FAILED [ 20%]
tests/test_defects.py::test_bug003_cancelled_delete_keeps_row[chromium] FAILED [ 21%]
tests/test_defects.py::test_bug001_import_asks_confirmation[chromium] FAILED [ 22%]
tests/test_defects.py::test_bug001_cancelled_import_keeps_data[chromium] FAILED [ 23%]
tests/test_defects.py::test_bug002_broken_file_keeps_current_list[chromium-empty.csv-] FAILED [ 24%]
tests/test_defects.py::test_bug002_broken_file_shows_error[chromium] FAILED [ 25%]
tests/test_defects.py::test_bug004_case_insensitive_categories[chromium] FAILED [ 26%]
tests/test_defects.py::test_bug005_future_date_rejected[chromium-2026-08-17-\u0437\u0430\u0432\u0442\u0440\u0430] FAILED [ 26%]
tests/test_defects.py::test_bug007_empty_category_rejected[chromium-] FAILED [ 27%]
tests/test_defects.py::test_bug008_long_category_rejected[chromium-33] FAILED [ 28%]
tests/test_defects.py::test_bug009_long_category_does_not_break_layout[chromium] FAILED [ 29%]
tests/test_defects.py::test_bug009_mobile_long_category_no_hscroll[chromium] FAILED [ 30%]
tests/test_defects.py::test_bug010_amount_above_limit_rejected[chromium] FAILED [ 31%]
tests/test_defects.py::test_bug011_loose_number_parsing_rejected[chromium-1e5] FAILED [ 32%]
tests/test_defects.py::test_bug012_amount_rounding_to_zero_rejected[chromium-0.001] FAILED [ 33%]
tests/test_defects.py::test_bug013_negative_amount_from_csv_rejected[chromium] FAILED [ 33%]
tests/test_defects.py::test_bug013_negative_amount_does_not_invert_balance[chromium] FAILED [ 34%]
tests/test_defects.py::test_bug014_unknown_type_from_csv_rejected[chromium] FAILED [ 35%]
tests/test_defects.py::test_bug015_broken_date_from_csv_rejected[chromium] FAILED [ 36%]
tests/test_defects.py::test_bug015_future_date_from_csv_rejected[chromium] FAILED [ 37%]
tests/test_defects.py::test_bug015_huge_amount_from_csv_rejected[chromium] FAILED [ 38%]
tests/test_form.py::test_amount_accepted[chromium-5-5,00] PASSED         [ 39%]
tests/test_form.py::test_amount_rejected[chromium-] PASSED               [ 40%]
tests/test_form.py::test_rejected_form_keeps_entered_values[chromium] PASSED [ 40%]
tests/test_form.py::test_error_message_is_visible[chromium] PASSED       [ 41%]
tests/test_form.py::test_amount_rounding[chromium-10.567-10,57] PASSED   [ 42%]
tests/test_form.py::test_category_accepted[chromium-\u041a\u0430\u0444\u0435] PASSED [ 43%]
tests/test_form.py::test_category_trims_spaces[chromium] PASSED          [ 44%]
tests/test_form.py::test_same_category_twice_merges[chromium] PASSED     [ 45%]
tests/test_form.py::test_markup_in_category_is_not_executed[chromium] PASSED [ 46%]
tests/test_form.py::test_datalist_suggests_used_categories[chromium] PASSED [ 46%]
tests/test_form.py::test_date_prefilled_with_today[chromium] PASSED      [ 47%]
tests/test_form.py::test_past_and_today_accepted[chromium-2026-08-15] PASSED [ 48%]
tests/test_form.py::test_empty_date_is_rejected[chromium] PASSED         [ 49%]
tests/test_form.py::test_income_is_added_with_plus[chromium] PASSED      [ 50%]
tests/test_form.py::test_expense_is_default_type[chromium] PASSED        [ 51%]
tests/test_form.py::test_comment_is_optional[chromium] PASSED            [ 52%]
tests/test_form.py::test_long_comment_is_kept[chromium] PASSED           [ 53%]
tests/test_form.py::test_form_is_cleared_after_success[chromium] PASSED  [ 53%]
tests/test_form.py::test_second_submit_on_empty_form_adds_nothing[chromium] PASSED [ 54%]
tests/test_mobile.py::test_main_scenario_without_horizontal_scroll[chromium] PASSED [ 55%]
tests/test_mobile.py::test_table_is_readable_on_mobile[chromium] PASSED  [ 56%]
tests/test_mobile.py::test_form_and_totals_visible_on_mobile[chromium] PASSED [ 57%]
tests/test_mobile.py::test_chart_and_legend_visible_on_mobile[chromium] PASSED [ 58%]
tests/test_roundtrip.py::test_roundtrip_returns_set_verbatim[chromium] PASSED [ 59%]
tests/test_roundtrip.py::test_roundtrip_keeps_empty_list_empty[chromium] PASSED [ 60%]
tests/test_totals.py::test_empty_state_shows_zeros[chromium] PASSED      [ 60%]
tests/test_totals.py::test_balance_is_income_minus_expense[chromium] PASSED [ 61%]
tests/test_totals.py::test_negative_balance_is_visually_distinct[chromium] PASSED [ 62%]
tests/test_totals.py::test_rounding_does_not_accumulate[chromium] PASSED [ 63%]
tests/test_totals.py::test_invariant_rows_sum_equals_totals[chromium] PASSED [ 64%]
tests/test_totals.py::test_totals_recalculated_after_delete[chromium] PASSED [ 65%]
tests/test_totals.py::test_limit_amount_does_not_break_totals_layout[chromium] PASSED [ 66%]
tests/test_totals.py::test_legend_shares_sum_to_100[chromium] PASSED     [ 66%]
tests/test_totals.py::test_row_count_changes_by_one[chromium] PASSED     [ 67%]
tests/test_defects.py::test_bug002_broken_file_keeps_current_list[chromium-garbage.csv-\u044d\u0442\u043e \u043d\u0435 csv \u0432\u043e\u043e\u0431\u0449\u0435\n\u043f\u0440\u043e\u0441\u0442\u043e \u0442\u0435\u043a\u0441\u0442;;;\n] FAILED [ 68%]
tests/test_defects.py::test_bug005_future_date_rejected[chromium-2027-08-16-\u0447\u0435\u0440\u0435\u0437 \u0433\u043e\u0434] FAILED [ 69%]
tests/test_defects.py::test_bug007_empty_category_rejected[chromium-   ] FAILED [ 70%]
tests/test_defects.py::test_bug008_long_category_rejected[chromium-200] FAILED [ 71%]
tests/test_defects.py::test_bug011_loose_number_parsing_rejected[chromium-1e2] FAILED [ 72%]
tests/test_defects.py::test_bug012_amount_rounding_to_zero_rejected[chromium-0.004] FAILED [ 73%]
tests/test_form.py::test_amount_accepted[chromium-1200.50-1 200,50] PASSED [ 73%]
tests/test_form.py::test_amount_rejected[chromium-   ] PASSED            [ 74%]
tests/test_form.py::test_amount_rounding[chromium-0.005-0,01] PASSED     [ 75%]
tests/test_form.py::test_category_accepted[chromium-\u041a\u0430\u0444\u0435 \U0001f354] PASSED [ 76%]
tests/test_form.py::test_past_and_today_accepted[chromium-2026-08-16] PASSED [ 77%]
tests/test_defects.py::test_bug002_broken_file_keeps_current_list[chromium-badheader.csv-a,b,c\n1,2,3\n] FAILED [ 78%]
tests/test_defects.py::test_bug007_empty_category_rejected[chromium-\t] FAILED [ 79%]
tests/test_defects.py::test_bug011_loose_number_parsing_rejected[chromium-1_000] FAILED [ 80%]
tests/test_defects.py::test_bug012_amount_rounding_to_zero_rejected[chromium-1e-5] FAILED [ 80%]
tests/test_form.py::test_amount_accepted[chromium-12.5-12,50] PASSED     [ 81%]
tests/test_form.py::test_amount_rejected[chromium-0] PASSED              [ 82%]
tests/test_form.py::test_amount_rounding[chromium-1.005-1,00] PASSED     [ 83%]
tests/test_form.py::test_category_accepted[chromium-\u041a\u0430,\u0444\u0435] PASSED [ 84%]
tests/test_form.py::test_past_and_today_accepted[chromium-1999-01-01] PASSED [ 85%]
tests/test_defects.py::test_bug002_broken_file_keeps_current_list[chromium-badamount.csv-date,type,category,amount,comment\n2026-08-16,expense,\u0415\u0434\u0430,abc,\n] FAILED [ 86%]
tests/test_defects.py::test_bug011_loose_number_parsing_rejected[chromium-1..2] FAILED [ 86%]
tests/test_form.py::test_amount_accepted[chromium-1,5-1,50] PASSED       [ 87%]
tests/test_form.py::test_amount_rejected[chromium--100] PASSED           [ 88%]
tests/test_form.py::test_category_accepted[chromium-\u041a\u0430"\u0444\u0435] PASSED [ 89%]
tests/test_defects.py::test_bug002_broken_file_keeps_current_list[chromium-semicolon.csv-date;type;category;amount;comment\n2026-08-16;expense;\u0415\u0434\u0430;100.00;\n] FAILED [ 90%]
tests/test_defects.py::test_bug011_loose_number_parsing_rejected[chromium-+50] FAILED [ 91%]
tests/test_form.py::test_amount_accepted[chromium-10,50-10,50] PASSED    [ 92%]
tests/test_form.py::test_amount_rejected[chromium-abc] PASSED            [ 93%]
tests/test_form.py::test_category_accepted[chromium-\u041a\u041a\u041a\u041a\u041a\u041a\u041a\u041a\u041a\u041a\u041a\u041a\u041a\u041a\u041a\u041a\u041a\u041a\u041a\u041a\u041a\u041a\u041a\u041a\u041a\u041a\u041a\u041a\u041a\u041a\u041a\u041a] PASSED [ 93%]
tests/test_defects.py::test_bug002_broken_file_keeps_current_list[chromium-html.csv-<html><body>hi</body></html>] FAILED [ 94%]
tests/test_form.py::test_amount_accepted[chromium-  100  -100,00] PASSED [ 95%]
tests/test_form.py::test_amount_rejected[chromium-\u0663] PASSED         [ 96%]
tests/test_defects.py::test_bug002_broken_file_keeps_current_list[chromium-fewcols.csv-date,type,category,amount,comment\n2026-08-16,expense,\u0415\u0434\u0430\n] FAILED [ 97%]
tests/test_form.py::test_amount_accepted[chromium-99999999-99 999 999,00] PASSED [ 98%]
tests/test_form.py::test_amount_rejected[chromium-Infinity] PASSED       [ 99%]
tests/test_form.py::test_amount_rejected[chromium-1e309] PASSED          [100%]

================================== FAILURES ===================================
_______________ test_bug003_delete_asks_confirmation[chromium] ________________
tests\test_defects.py:26: in test_bug003_delete_asks_confirmation
    assert dialogs, "подтверждение не запрошено — запись удалена сразу"
E   AssertionError: подтверждение не запрошено — запись удалена сразу
E   assert []
______________ test_bug003_cancelled_delete_keeps_row[chromium] _______________
tests\test_defects.py:35: in test_bug003_cancelled_delete_keeps_row
    assert row_count(app) == 1, "запись удалена, хотя подтверждение не было получено"
E   AssertionError: запись удалена, хотя подтверждение не было получено
E   assert 0 == 1
E    +  where 0 = row_count(<Page url='http://127.0.0.1:8080/index.html'>)
_______________ test_bug001_import_asks_confirmation[chromium] ________________
tests\test_defects.py:46: in test_bug001_import_asks_confirmation
    assert dialogs, "список заменён без подтверждения"
E   AssertionError: список заменён без подтверждения
E   assert []
______________ test_bug001_cancelled_import_keeps_data[chromium] ______________
tests\test_defects.py:56: in test_bug001_cancelled_import_keeps_data
    assert any("Продукты" in r for r in rows(app)), "данные пользователя потеряны"
E   AssertionError: данные пользователя потеряны
E   assert False
E    +  where False = any(<generator object test_bug001_cancelled_import_keeps_data.<locals>.<genexpr> at 0x000001F0306C7440>)
_______ test_bug002_broken_file_keeps_current_list[chromium-empty.csv-] _______
tests\test_defects.py:76: in test_bug002_broken_file_keeps_current_list
    assert rows(app) == before, f"{name}: данные пользователя стёрты"
E   AssertionError: empty.csv: данные пользователя стёрты
E   assert [] == ['16.08.2026\... 111,00 ₽\t×']
E     
E     Right contains one more item: '16.08.2026\tИсходная\t\t− 111,00 ₽\t×'
E     
E     Full diff:
E     + []
E     - [
E     -     '16.08.2026\tИсходная\t\t− 111,00 ₽\t×',
E     - ]
________________ test_bug002_broken_file_shows_error[chromium] ________________
tests\test_defects.py:84: in test_bug002_broken_file_shows_error
    assert app.locator("#formError").inner_text().strip(), "сообщения об ошибке нет"
E   AssertionError: сообщения об ошибке нет
E   assert ''
E    +  where '' = <built-in method strip of str object at 0x00007FFD18313790>()
E    +    where <built-in method strip of str object at 0x00007FFD18313790> = ''.strip
E    +      where '' = inner_text()
E    +        where inner_text = <Locator frame=<Frame name= url='http://127.0.0.1:8080/index.html'> selector='#formError'>.inner_text
E    +          where <Locator frame=<Frame name= url='http://127.0.0.1:8080/index.html'> selector='#formError'> = locator('#formError')
E    +            where locator = <Page url='http://127.0.0.1:8080/index.html'>.locator
______________ test_bug004_case_insensitive_categories[chromium] ______________
tests\test_defects.py:93: in test_bug004_case_insensitive_categories
    assert len(legend(app)) == 1, f"категорий в легенде: {legend(app)}"
E   AssertionError: категорий в легенде: ['кафе / 200,00 ₽ / 67%', 'Кафе / 100,00 ₽ / 33%']
E   assert 2 == 1
E    +  where 2 = len(['кафе / 200,00 ₽ / 67%', 'Кафе / 100,00 ₽ / 33%'])
E    +    where ['кафе / 200,00 ₽ / 67%', 'Кафе / 100,00 ₽ / 33%'] = legend(<Page url='http://127.0.0.1:8080/index.html'>)
_ test_bug005_future_date_rejected[chromium-2026-08-17-\u0437\u0430\u0432\u0442\u0440\u0430] _
tests\test_defects.py:106: in test_bug005_future_date_rejected
    assert_rejected(app, before_rows, before_totals)
tests\helpers.py:83: in assert_rejected
    assert row_count(page) == rows_before, "появилась строка, хотя форма должна была отказать"
           ^^^^^^^^^^^^^^^^^^^^^^^^^^^^^^
E   AssertionError: появилась строка, хотя форма должна была отказать
_______________ test_bug007_empty_category_rejected[chromium-] ________________
tests\test_defects.py:121: in test_bug007_empty_category_rejected
    assert_rejected(app, before_rows, before_totals)
tests\helpers.py:83: in assert_rejected
    assert row_count(page) == rows_before, "появилась строка, хотя форма должна была отказать"
           ^^^^^^^^^^^^^^^^^^^^^^^^^^^^^^
E   AssertionError: появилась строка, хотя форма должна была отказать
_______________ test_bug008_long_category_rejected[chromium-33] _______________
tests\test_defects.py:129: in test_bug008_long_category_rejected
    assert_rejected(app, before_rows, before_totals)
tests\helpers.py:83: in assert_rejected
    assert row_count(page) == rows_before, "появилась строка, хотя форма должна была отказать"
           ^^^^^^^^^^^^^^^^^^^^^^^^^^^^^^
E   AssertionError: появилась строка, хотя форма должна была отказать
__________ test_bug009_long_category_does_not_break_layout[chromium] __________
tests\test_defects.py:136: in test_bug009_long_category_does_not_break_layout
    assert doc_width <= 1280, f"страница уехала вбок: {doc_width}px при окне 1280"
E   AssertionError: страница уехала вбок: 2242px при окне 1280
E   assert 2242 <= 1280
____________ test_bug009_mobile_long_category_no_hscroll[chromium] ____________
tests\test_defects.py:143: in test_bug009_mobile_long_category_no_hscroll
    assert doc_width <= 375, f"страница уехала вбок: {doc_width}px при окне 375"
E   AssertionError: страница уехала вбок: 789px при окне 375
E   assert 789 <= 375
______________ test_bug010_amount_above_limit_rejected[chromium] ______________
tests\test_defects.py:152: in test_bug010_amount_above_limit_rejected
    assert_rejected(app, before_rows, before_totals)
tests\helpers.py:83: in assert_rejected
    assert row_count(page) == rows_before, "появилась строка, хотя форма должна была отказать"
           ^^^^^^^^^^^^^^^^^^^^^^^^^^^^^^
E   AssertionError: появилась строка, хотя форма должна была отказать
___________ test_bug011_loose_number_parsing_rejected[chromium-1e5] ___________
tests\test_defects.py:160: in test_bug011_loose_number_parsing_rejected
    assert_rejected(app, before_rows, before_totals)
tests\helpers.py:83: in assert_rejected
    assert row_count(page) == rows_before, "появилась строка, хотя форма должна была отказать"
           ^^^^^^^^^^^^^^^^^^^^^^^^^^^^^^
E   AssertionError: появилась строка, хотя форма должна была отказать
________ test_bug012_amount_rounding_to_zero_rejected[chromium-0.001] _________
tests\test_defects.py:168: in test_bug012_amount_rounding_to_zero_rejected
    assert_rejected(app, before_rows, before_totals)
tests\helpers.py:83: in assert_rejected
    assert row_count(page) == rows_before, "появилась строка, хотя форма должна была отказать"
           ^^^^^^^^^^^^^^^^^^^^^^^^^^^^^^
E   AssertionError: появилась строка, хотя форма должна была отказать
___________ test_bug013_negative_amount_from_csv_rejected[chromium] ___________
tests\test_defects.py:178: in test_bug013_negative_amount_from_csv_rejected
    assert row_count(app) == 0, f"загружена запись с отрицательной суммой: {rows(app)}"
E   AssertionError: загружена запись с отрицательной суммой: ['16.08.2026\tЕда\t\t− -500,00 ₽\t×']
E   assert 1 == 0
E    +  where 1 = row_count(<Page url='http://127.0.0.1:8080/index.html'>)
________ test_bug013_negative_amount_does_not_invert_balance[chromium] ________
tests\test_defects.py:186: in test_bug013_negative_amount_does_not_invert_balance
    assert not totals(app)["balance"].startswith("500"), "расход увеличил остаток"
E   AssertionError: расход увеличил остаток
E   assert not True
E    +  where True = <built-in method startswith of str object at 0x000001F030E46C90>('500')
E    +    where <built-in method startswith of str object at 0x000001F030E46C90> = '500,00 ₽'.startswith
____________ test_bug014_unknown_type_from_csv_rejected[chromium] _____________
tests\test_defects.py:194: in test_bug014_unknown_type_from_csv_rejected
    assert row_count(app) == 0, f"неизвестный тип загружен как расход: {rows(app)}"
E   AssertionError: неизвестный тип загружен как расход: ['16.08.2026\tЕда\t\t− 100,00 ₽\t×']
E   assert 1 == 0
E    +  where 1 = row_count(<Page url='http://127.0.0.1:8080/index.html'>)
_____________ test_bug015_broken_date_from_csv_rejected[chromium] _____________
tests\test_defects.py:202: in test_bug015_broken_date_from_csv_rejected
    assert row_count(app) == 0, f"загружена строка с датой «не-дата»: {rows(app)}"
E   AssertionError: загружена строка с датой «не-дата»: ['не-дата\tЕда\t\t− 100,00 ₽\t×']
E   assert 1 == 0
E    +  where 1 = row_count(<Page url='http://127.0.0.1:8080/index.html'>)
_____________ test_bug015_future_date_from_csv_rejected[chromium] _____________
tests\test_defects.py:210: in test_bug015_future_date_from_csv_rejected
    assert row_count(app) == 0, f"загружена запись из 2099 года: {rows(app)}"
E   AssertionError: загружена запись из 2099 года: ['01.01.2099\tЕда\t\t− 100,00 ₽\t×']
E   assert 1 == 0
E    +  where 1 = row_count(<Page url='http://127.0.0.1:8080/index.html'>)
_____________ test_bug015_huge_amount_from_csv_rejected[chromium] _____________
tests\test_defects.py:218: in test_bug015_huge_amount_from_csv_rejected
    assert row_count(app) == 0, f"загружена сумма вне границы: {rows(app)}"
E   AssertionError: загружена сумма вне границы: ['16.08.2026\tЕда\t\t− 999\xa0999\xa0999\xa0999,00 ₽\t×']
E   assert 1 == 0
E    +  where 1 = row_count(<Page url='http://127.0.0.1:8080/index.html'>)
_ test_bug002_broken_file_keeps_current_list[chromium-garbage.csv-\u044d\u0442\u043e \u043d\u0435 csv \u0432\u043e\u043e\u0431\u0449\u0435\n\u043f\u0440\u043e\u0441\u0442\u043e \u0442\u0435\u043a\u0441\u0442;;;\n] _
tests\test_defects.py:76: in test_bug002_broken_file_keeps_current_list
    assert rows(app) == before, f"{name}: данные пользователя стёрты"
E   AssertionError: garbage.csv: данные пользователя стёрты
E   assert [] == ['16.08.2026\... 111,00 ₽\t×']
E     
E     Right contains one more item: '16.08.2026\tИсходная\t\t− 111,00 ₽\t×'
E     
E     Full diff:
E     + []
E     - [
E     -     '16.08.2026\tИсходная\t\t− 111,00 ₽\t×',
E     - ]
_ test_bug005_future_date_rejected[chromium-2027-08-16-\u0447\u0435\u0440\u0435\u0437 \u0433\u043e\u0434] _
tests\test_defects.py:106: in test_bug005_future_date_rejected
    assert_rejected(app, before_rows, before_totals)
tests\helpers.py:83: in assert_rejected
    assert row_count(page) == rows_before, "появилась строка, хотя форма должна была отказать"
           ^^^^^^^^^^^^^^^^^^^^^^^^^^^^^^
E   AssertionError: появилась строка, хотя форма должна была отказать
______________ test_bug007_empty_category_rejected[chromium-   ] ______________
tests\test_defects.py:121: in test_bug007_empty_category_rejected
    assert_rejected(app, before_rows, before_totals)
tests\helpers.py:83: in assert_rejected
    assert row_count(page) == rows_before, "появилась строка, хотя форма должна была отказать"
           ^^^^^^^^^^^^^^^^^^^^^^^^^^^^^^
E   AssertionError: появилась строка, хотя форма должна была отказать
______________ test_bug008_long_category_rejected[chromium-200] _______________
tests\test_defects.py:129: in test_bug008_long_category_rejected
    assert_rejected(app, before_rows, before_totals)
tests\helpers.py:83: in assert_rejected
    assert row_count(page) == rows_before, "появилась строка, хотя форма должна была отказать"
           ^^^^^^^^^^^^^^^^^^^^^^^^^^^^^^
E   AssertionError: появилась строка, хотя форма должна была отказать
___________ test_bug011_loose_number_parsing_rejected[chromium-1e2] ___________
tests\test_defects.py:160: in test_bug011_loose_number_parsing_rejected
    assert_rejected(app, before_rows, before_totals)
tests\helpers.py:83: in assert_rejected
    assert row_count(page) == rows_before, "появилась строка, хотя форма должна была отказать"
           ^^^^^^^^^^^^^^^^^^^^^^^^^^^^^^
E   AssertionError: появилась строка, хотя форма должна была отказать
________ test_bug012_amount_rounding_to_zero_rejected[chromium-0.004] _________
tests\test_defects.py:168: in test_bug012_amount_rounding_to_zero_rejected
    assert_rejected(app, before_rows, before_totals)
tests\helpers.py:83: in assert_rejected
    assert row_count(page) == rows_before, "появилась строка, хотя форма должна была отказать"
           ^^^^^^^^^^^^^^^^^^^^^^^^^^^^^^
E   AssertionError: появилась строка, хотя форма должна была отказать
_ test_bug002_broken_file_keeps_current_list[chromium-badheader.csv-a,b,c\n1,2,3\n] _
tests\test_defects.py:76: in test_bug002_broken_file_keeps_current_list
    assert rows(app) == before, f"{name}: данные пользователя стёрты"
E   AssertionError: badheader.csv: данные пользователя стёрты
E   assert [] == ['16.08.2026\... 111,00 ₽\t×']
E     
E     Right contains one more item: '16.08.2026\tИсходная\t\t− 111,00 ₽\t×'
E     
E     Full diff:
E     + []
E     - [
E     -     '16.08.2026\tИсходная\t\t− 111,00 ₽\t×',
E     - ]
______________ test_bug007_empty_category_rejected[chromium-\t] _______________
tests\test_defects.py:121: in test_bug007_empty_category_rejected
    assert_rejected(app, before_rows, before_totals)
tests\helpers.py:83: in assert_rejected
    assert row_count(page) == rows_before, "появилась строка, хотя форма должна была отказать"
           ^^^^^^^^^^^^^^^^^^^^^^^^^^^^^^
E   AssertionError: появилась строка, хотя форма должна была отказать
__________ test_bug011_loose_number_parsing_rejected[chromium-1_000] __________
tests\test_defects.py:160: in test_bug011_loose_number_parsing_rejected
    assert_rejected(app, before_rows, before_totals)
tests\helpers.py:83: in assert_rejected
    assert row_count(page) == rows_before, "появилась строка, хотя форма должна была отказать"
           ^^^^^^^^^^^^^^^^^^^^^^^^^^^^^^
E   AssertionError: появилась строка, хотя форма должна была отказать
_________ test_bug012_amount_rounding_to_zero_rejected[chromium-1e-5] _________
tests\test_defects.py:168: in test_bug012_amount_rounding_to_zero_rejected
    assert_rejected(app, before_rows, before_totals)
tests\helpers.py:83: in assert_rejected
    assert row_count(page) == rows_before, "появилась строка, хотя форма должна была отказать"
           ^^^^^^^^^^^^^^^^^^^^^^^^^^^^^^
E   AssertionError: появилась строка, хотя форма должна была отказать
_ test_bug002_broken_file_keeps_current_list[chromium-badamount.csv-date,type,category,amount,comment\n2026-08-16,expense,\u0415\u0434\u0430,abc,\n] _
tests\test_defects.py:76: in test_bug002_broken_file_keeps_current_list
    assert rows(app) == before, f"{name}: данные пользователя стёрты"
E   AssertionError: badamount.csv: данные пользователя стёрты
E   assert [] == ['16.08.2026\... 111,00 ₽\t×']
E     
E     Right contains one more item: '16.08.2026\tИсходная\t\t− 111,00 ₽\t×'
E     
E     Full diff:
E     + []
E     - [
E     -     '16.08.2026\tИсходная\t\t− 111,00 ₽\t×',
E     - ]
__________ test_bug011_loose_number_parsing_rejected[chromium-1..2] ___________
tests\test_defects.py:160: in test_bug011_loose_number_parsing_rejected
    assert_rejected(app, before_rows, before_totals)
tests\helpers.py:83: in assert_rejected
    assert row_count(page) == rows_before, "появилась строка, хотя форма должна была отказать"
           ^^^^^^^^^^^^^^^^^^^^^^^^^^^^^^
E   AssertionError: появилась строка, хотя форма должна была отказать
_ test_bug002_broken_file_keeps_current_list[chromium-semicolon.csv-date;type;category;amount;comment\n2026-08-16;expense;\u0415\u0434\u0430;100.00;\n] _
tests\test_defects.py:76: in test_bug002_broken_file_keeps_current_list
    assert rows(app) == before, f"{name}: данные пользователя стёрты"
E   AssertionError: semicolon.csv: данные пользователя стёрты
E   assert [] == ['16.08.2026\... 111,00 ₽\t×']
E     
E     Right contains one more item: '16.08.2026\tИсходная\t\t− 111,00 ₽\t×'
E     
E     Full diff:
E     + []
E     - [
E     -     '16.08.2026\tИсходная\t\t− 111,00 ₽\t×',
E     - ]
___________ test_bug011_loose_number_parsing_rejected[chromium-+50] ___________
tests\test_defects.py:160: in test_bug011_loose_number_parsing_rejected
    assert_rejected(app, before_rows, before_totals)
tests\helpers.py:83: in assert_rejected
    assert row_count(page) == rows_before, "появилась строка, хотя форма должна была отказать"
           ^^^^^^^^^^^^^^^^^^^^^^^^^^^^^^
E   AssertionError: появилась строка, хотя форма должна была отказать
_ test_bug002_broken_file_keeps_current_list[chromium-html.csv-<html><body>hi</body></html>] _
tests\test_defects.py:76: in test_bug002_broken_file_keeps_current_list
    assert rows(app) == before, f"{name}: данные пользователя стёрты"
E   AssertionError: html.csv: данные пользователя стёрты
E   assert [] == ['16.08.2026\... 111,00 ₽\t×']
E     
E     Right contains one more item: '16.08.2026\tИсходная\t\t− 111,00 ₽\t×'
E     
E     Full diff:
E     + []
E     - [
E     -     '16.08.2026\tИсходная\t\t− 111,00 ₽\t×',
E     - ]
_ test_bug002_broken_file_keeps_current_list[chromium-fewcols.csv-date,type,category,amount,comment\n2026-08-16,expense,\u0415\u0434\u0430\n] _
tests\test_defects.py:76: in test_bug002_broken_file_keeps_current_list
    assert rows(app) == before, f"{name}: данные пользователя стёрты"
E   AssertionError: fewcols.csv: данные пользователя стёрты
E   assert [] == ['16.08.2026\... 111,00 ₽\t×']
E     
E     Right contains one more item: '16.08.2026\tИсходная\t\t− 111,00 ₽\t×'
E     
E     Full diff:
E     + []
E     - [
E     -     '16.08.2026\tИсходная\t\t− 111,00 ₽\t×',
E     - ]
=========================== short test summary info ===========================
FAILED tests/test_defects.py::test_bug003_delete_asks_confirmation[chromium]
FAILED tests/test_defects.py::test_bug003_cancelled_delete_keeps_row[chromium]
FAILED tests/test_defects.py::test_bug001_import_asks_confirmation[chromium]
FAILED tests/test_defects.py::test_bug001_cancelled_import_keeps_data[chromium]
FAILED tests/test_defects.py::test_bug002_broken_file_keeps_current_list[chromium-empty.csv-]
FAILED tests/test_defects.py::test_bug002_broken_file_shows_error[chromium]
FAILED tests/test_defects.py::test_bug004_case_insensitive_categories[chromium]
FAILED tests/test_defects.py::test_bug005_future_date_rejected[chromium-2026-08-17-\u0437\u0430\u0432\u0442\u0440\u0430]
FAILED tests/test_defects.py::test_bug007_empty_category_rejected[chromium-]
FAILED tests/test_defects.py::test_bug008_long_category_rejected[chromium-33]
FAILED tests/test_defects.py::test_bug009_long_category_does_not_break_layout[chromium]
FAILED tests/test_defects.py::test_bug009_mobile_long_category_no_hscroll[chromium]
FAILED tests/test_defects.py::test_bug010_amount_above_limit_rejected[chromium]
FAILED tests/test_defects.py::test_bug011_loose_number_parsing_rejected[chromium-1e5]
FAILED tests/test_defects.py::test_bug012_amount_rounding_to_zero_rejected[chromium-0.001]
FAILED tests/test_defects.py::test_bug013_negative_amount_from_csv_rejected[chromium]
FAILED tests/test_defects.py::test_bug013_negative_amount_does_not_invert_balance[chromium]
FAILED tests/test_defects.py::test_bug014_unknown_type_from_csv_rejected[chromium]
FAILED tests/test_defects.py::test_bug015_broken_date_from_csv_rejected[chromium]
FAILED tests/test_defects.py::test_bug015_future_date_from_csv_rejected[chromium]
FAILED tests/test_defects.py::test_bug015_huge_amount_from_csv_rejected[chromium]
FAILED tests/test_defects.py::test_bug002_broken_file_keeps_current_list[chromium-garbage.csv-\u044d\u0442\u043e \u043d\u0435 csv \u0432\u043e\u043e\u0431\u0449\u0435\n\u043f\u0440\u043e\u0441\u0442\u043e \u0442\u0435\u043a\u0441\u0442;;;\n]
FAILED tests/test_defects.py::test_bug005_future_date_rejected[chromium-2027-08-16-\u0447\u0435\u0440\u0435\u0437 \u0433\u043e\u0434]
FAILED tests/test_defects.py::test_bug007_empty_category_rejected[chromium-   ]
FAILED tests/test_defects.py::test_bug008_long_category_rejected[chromium-200]
FAILED tests/test_defects.py::test_bug011_loose_number_parsing_rejected[chromium-1e2]
FAILED tests/test_defects.py::test_bug012_amount_rounding_to_zero_rejected[chromium-0.004]
FAILED tests/test_defects.py::test_bug002_broken_file_keeps_current_list[chromium-badheader.csv-a,b,c\n1,2,3\n]
FAILED tests/test_defects.py::test_bug007_empty_category_rejected[chromium-\t]
FAILED tests/test_defects.py::test_bug011_loose_number_parsing_rejected[chromium-1_000]
FAILED tests/test_defects.py::test_bug012_amount_rounding_to_zero_rejected[chromium-1e-5]
FAILED tests/test_defects.py::test_bug002_broken_file_keeps_current_list[chromium-badamount.csv-date,type,category,amount,comment\n2026-08-16,expense,\u0415\u0434\u0430,abc,\n]
FAILED tests/test_defects.py::test_bug011_loose_number_parsing_rejected[chromium-1..2]
FAILED tests/test_defects.py::test_bug002_broken_file_keeps_current_list[chromium-semicolon.csv-date;type;category;amount;comment\n2026-08-16;expense;\u0415\u0434\u0430;100.00;\n]
FAILED tests/test_defects.py::test_bug011_loose_number_parsing_rejected[chromium-+50]
FAILED tests/test_defects.py::test_bug002_broken_file_keeps_current_list[chromium-html.csv-<html><body>hi</body></html>]
FAILED tests/test_defects.py::test_bug002_broken_file_keeps_current_list[chromium-fewcols.csv-date,type,category,amount,comment\n2026-08-16,expense,\u0415\u0434\u0430\n]
======================= 37 failed, 78 passed in 43.20s ========================
